#
# There is insufficient memory for the Java Runtime Environment to continue.
# Native memory allocation (malloc) failed to allocate 1627536 bytes. Error detail: Chunk::new
# Possible reasons:
#   The system is out of physical RAM or swap space
#   This process is running with CompressedOops enabled, and the Java Heap may be blocking the growth of the native heap
# Possible solutions:
#   Reduce memory load on the system
#   Increase physical memory or swap space
#   Check if swap backing store is full
#   Decrease Java heap size (-Xmx/-Xms)
#   Decrease number of Java threads
#   Decrease Java thread stack sizes (-Xss)
#   Set larger code cache with -XX:ReservedCodeCacheSize=
#   JVM is running with Unscaled Compressed Oops mode in which the Java heap is
#     placed in the first 4GB address space. The Java Heap base address is the
#     maximum limit for the native heap growth. Please use -XX:HeapBaseMinAddress
#     to set the Java Heap base and to place the Java Heap above 4GB virtual address.
# This output file may be truncated or incomplete.
#
#  Out of Memory Error (arena.cpp:162), pid=16904, tid=19040
#
# JRE version: OpenJDK Runtime Environment (24.0.2+12) (build 24.0.2+12-54)
# Java VM: OpenJDK 64-Bit Server VM (24.0.2+12-54, mixed mode, sharing, tiered, compressed oops, compressed class ptrs, g1 gc, windows-amd64)
# No core dump will be written. Minidumps are not enabled by default on client versions of Windows
#

---------------  S U M M A R Y ------------

Command Line: --add-opens=java.base/java.lang=ALL-UNNAMED --add-opens=java.base/java.lang.invoke=ALL-UNNAMED --add-opens=java.base/java.util=ALL-UNNAMED --add-opens=java.prefs/java.util.prefs=ALL-UNNAMED --add-exports=jdk.compiler/com.sun.tools.javac.api=ALL-UNNAMED --add-exports=jdk.compiler/com.sun.tools.javac.util=ALL-UNNAMED --add-opens=java.base/java.util=ALL-UNNAMED --add-opens=java.prefs/java.util.prefs=ALL-UNNAMED --add-opens=java.base/java.nio.charset=ALL-UNNAMED --add-opens=java.base/java.net=ALL-UNNAMED --add-opens=java.base/java.util.concurrent.atomic=ALL-UNNAMED --add-opens=java.xml/javax.xml.namespace=ALL-UNNAMED -Xmx2048m -Dfile.encoding=UTF-8 -Duser.country=US -Duser.language=en -Duser.variant -javaagent:C:\Users\Admin\.gradle\wrapper\dists\gradle-8.11.1-bin\bpt9gzteqjrbo1mjrsomdt32c\gradle-8.11.1\lib\agents\gradle-instrumentation-agent-8.11.1.jar org.gradle.launcher.daemon.bootstrap.GradleDaemon 8.11.1

Host: AMD Ryzen 5 5600H with Radeon Graphics         , 12 cores, 13G,  Windows 11 , 64 bit Build 26100 (10.0.26100.6725)
Time: Tue Oct  7 00:04:28 2025 SE Asia Standard Time elapsed time: 4.244137 seconds (0d 0h 0m 4s)

---------------  T H R E A D  ---------------

Current thread (0x0000025a5451c970):  JavaThread "C2 CompilerThread0" daemon [_thread_in_native, id=19040, stack(0x0000009381900000,0x0000009381a00000) (1024K)]


Current CompileTask:
C2:4244 2907   !   4       java.lang.ClassLoader::loadClass (121 bytes)

Stack: [0x0000009381900000,0x0000009381a00000]
Native frames: (J=compiled Java code, j=interpreted, Vv=VM code, C=native code)
V  [jvm.dll+0x730829]  (no source info available)
V  [jvm.dll+0x8d9da3]  (no source info available)
V  [jvm.dll+0x8dc28d]  (no source info available)
V  [jvm.dll+0x8dc903]  (no source info available)
V  [jvm.dll+0x2a9f56]  (no source info available)
V  [jvm.dll+0xced7f]  (no source info available)
V  [jvm.dll+0xcefdf]  (no source info available)
V  [jvm.dll+0x3f3642]  (no source info available)
V  [jvm.dll+0x3c0040]  (no source info available)
V  [jvm.dll+0x3bf4ca]  (no source info available)
V  [jvm.dll+0x26f637]  (no source info available)
V  [jvm.dll+0x26e8ff]  (no source info available)
V  [jvm.dll+0x1e9c90]  (no source info available)
V  [jvm.dll+0x27e0cb]  (no source info available)
V  [jvm.dll+0x27c36a]  (no source info available)
V  [jvm.dll+0x42f396]  (no source info available)
V  [jvm.dll+0x87d9eb]  (no source info available)
V  [jvm.dll+0x72ef45]  (no source info available)
C  [ucrtbase.dll+0x37b0]  (no source info available)
C  [KERNEL32.DLL+0x2e8d7]  (no source info available)
C  [ntdll.dll+0x8c53c]  (no source info available)

Lock stack of current Java thread (top to bottom):


---------------  P R O C E S S  ---------------

Threads class SMR info:
_java_thread_list=0x0000025a9b872c40, length=25, elements={
0x0000025a371414a0, 0x0000025a54501b20, 0x0000025a54502260, 0x0000025a54508680,
0x0000025a54509500, 0x0000025a5450a030, 0x0000025a5450ac90, 0x0000025a5451c970,
0x0000025a545206d0, 0x0000025a5475ec40, 0x0000025a54802b10, 0x0000025a54520e60,
0x0000025a9b88c580, 0x0000025a9bc003e0, 0x0000025a9b9c6400, 0x0000025a9ba569e0,
0x0000025a9ba57530, 0x0000025a9b8c5da0, 0x0000025a9b8c6c40, 0x0000025a9b8c4f00,
0x0000025a9b8c64f0, 0x0000025a9b8c7390, 0x0000025a9b8c47b0, 0x0000025a9b8c5650,
0x0000025a9bd4eb10
}

Java Threads: ( => current thread )
  0x0000025a371414a0 JavaThread "main"                              [_thread_blocked, id=22284, stack(0x0000009380b00000,0x0000009380c00000) (1024K)]
  0x0000025a54501b20 JavaThread "Reference Handler"          daemon [_thread_blocked, id=12608, stack(0x0000009381300000,0x0000009381400000) (1024K)]
  0x0000025a54502260 JavaThread "Finalizer"                  daemon [_thread_blocked, id=24468, stack(0x0000009381400000,0x0000009381500000) (1024K)]
  0x0000025a54508680 JavaThread "Signal Dispatcher"          daemon [_thread_blocked, id=14912, stack(0x0000009381500000,0x0000009381600000) (1024K)]
  0x0000025a54509500 JavaThread "Attach Listener"            daemon [_thread_blocked, id=17804, stack(0x0000009381600000,0x0000009381700000) (1024K)]
  0x0000025a5450a030 JavaThread "Service Thread"             daemon [_thread_blocked, id=25424, stack(0x0000009381700000,0x0000009381800000) (1024K)]
  0x0000025a5450ac90 JavaThread "Monitor Deflation Thread"   daemon [_thread_blocked, id=18532, stack(0x0000009381800000,0x0000009381900000) (1024K)]
=>0x0000025a5451c970 JavaThread "C2 CompilerThread0"         daemon [_thread_in_native, id=19040, stack(0x0000009381900000,0x0000009381a00000) (1024K)]
  0x0000025a545206d0 JavaThread "C1 CompilerThread0"         daemon [_thread_blocked, id=28780, stack(0x0000009381a00000,0x0000009381b00000) (1024K)]
  0x0000025a5475ec40 JavaThread "Common-Cleaner"             daemon [_thread_blocked, id=20656, stack(0x0000009381b00000,0x0000009381c00000) (1024K)]
  0x0000025a54802b10 JavaThread "Notification Thread"        daemon [_thread_blocked, id=22132, stack(0x0000009381c00000,0x0000009381d00000) (1024K)]
  0x0000025a54520e60 JavaThread "C2 CompilerThread1"         daemon [_thread_in_native, id=8812, stack(0x0000009381d00000,0x0000009381e00000) (1024K)]
  0x0000025a9b88c580 JavaThread "Daemon health stats"               [_thread_blocked, id=1300, stack(0x0000009381e00000,0x0000009381f00000) (1024K)]
  0x0000025a9bc003e0 JavaThread "Incoming local TCP Connector on port 58988"        [_thread_in_native, id=9724, stack(0x0000009382300000,0x0000009382400000) (1024K)]
  0x0000025a9b9c6400 JavaThread "Daemon periodic checks"            [_thread_blocked, id=20368, stack(0x0000009382400000,0x0000009382500000) (1024K)]
  0x0000025a9ba569e0 JavaThread "Daemon"                            [_thread_blocked, id=19432, stack(0x0000009382500000,0x0000009382600000) (1024K)]
  0x0000025a9ba57530 JavaThread "Handler for socket connection from /127.0.0.1:58988 to /127.0.0.1:58989"        [_thread_in_native, id=10252, stack(0x0000009382600000,0x0000009382700000) (1024K)]
  0x0000025a9b8c5da0 JavaThread "Cancel handler"                    [_thread_blocked, id=28296, stack(0x0000009382700000,0x0000009382800000) (1024K)]
  0x0000025a9b8c6c40 JavaThread "Daemon worker"                     [_thread_in_vm, id=21064, stack(0x0000009382800000,0x0000009382900000) (1024K)]
  0x0000025a9b8c4f00 JavaThread "Asynchronous log dispatcher for DefaultDaemonConnection: socket connection from /127.0.0.1:58988 to /127.0.0.1:58989"        [_thread_blocked, id=14944, stack(0x0000009382900000,0x0000009382a00000) (1024K)]
  0x0000025a9b8c64f0 JavaThread "Stdin handler"                     [_thread_blocked, id=27752, stack(0x0000009382a00000,0x0000009382b00000) (1024K)]
  0x0000025a9b8c7390 JavaThread "Daemon client event forwarder"        [_thread_blocked, id=19996, stack(0x0000009382b00000,0x0000009382c00000) (1024K)]
  0x0000025a9b8c47b0 JavaThread "Cache worker for journal cache (C:\Users\Admin\.gradle\caches\journal-1)"        [_thread_blocked, id=13352, stack(0x0000009383100000,0x0000009383200000) (1024K)]
  0x0000025a9b8c5650 JavaThread "File lock request listener"        [_thread_in_native, id=9312, stack(0x0000009383200000,0x0000009383300000) (1024K)]
  0x0000025a9bd4eb10 JavaThread "Cache worker for file hash cache (C:\Users\Admin\.gradle\caches\8.11.1\fileHashes)"        [_thread_blocked, id=20740, stack(0x0000009383300000,0x0000009383400000) (1024K)]
Total: 25

Other Threads:
  0x0000025a544f2970 VMThread "VM Thread"                           [id=24044, stack(0x0000009381200000,0x0000009381300000) (1024K)]
  0x0000025a54441260 WatcherThread "VM Periodic Task Thread"        [id=30140, stack(0x0000009381100000,0x0000009381200000) (1024K)]
  0x0000025a3719a9e0 WorkerThread "GC Thread#0"                     [id=24292, stack(0x0000009380c00000,0x0000009380d00000) (1024K)]
  0x0000025a9adef890 WorkerThread "GC Thread#1"                     [id=10076, stack(0x0000009381f00000,0x0000009382000000) (1024K)]
  0x0000025a9adf0050 WorkerThread "GC Thread#2"                     [id=25712, stack(0x0000009382000000,0x0000009382100000) (1024K)]
  0x0000025a9adf0400 WorkerThread "GC Thread#3"                     [id=30360, stack(0x0000009382100000,0x0000009382200000) (1024K)]
  0x0000025a9adf07b0 WorkerThread "GC Thread#4"                     [id=12020, stack(0x0000009382200000,0x0000009382300000) (1024K)]
  0x0000025a9bc46370 WorkerThread "GC Thread#5"                     [id=18928, stack(0x0000009382c00000,0x0000009382d00000) (1024K)]
  0x0000025a9bd46d70 WorkerThread "GC Thread#6"                     [id=18768, stack(0x0000009382d00000,0x0000009382e00000) (1024K)]
  0x0000025a9bc23a90 WorkerThread "GC Thread#7"                     [id=27632, stack(0x0000009382e00000,0x0000009382f00000) (1024K)]
  0x0000025a9bc5e970 WorkerThread "GC Thread#8"                     [id=18324, stack(0x0000009382f00000,0x0000009383000000) (1024K)]
  0x0000025a9bc5f830 WorkerThread "GC Thread#9"                     [id=2716, stack(0x0000009383000000,0x0000009383100000) (1024K)]
  0x0000025a371b0830 ConcurrentGCThread "G1 Main Marker"            [id=28660, stack(0x0000009380d00000,0x0000009380e00000) (1024K)]
  0x0000025a371b19f0 WorkerThread "G1 Conc#0"                       [id=24448, stack(0x0000009380e00000,0x0000009380f00000) (1024K)]
  0x0000025a54426910 ConcurrentGCThread "G1 Refine#0"               [id=20668, stack(0x0000009380f00000,0x0000009381000000) (1024K)]
  0x0000025a54429160 ConcurrentGCThread "G1 Service"                [id=18148, stack(0x0000009381000000,0x0000009381100000) (1024K)]
Total: 16

Threads with active compile tasks:
C2 CompilerThread0  7326 2907   !   4       java.lang.ClassLoader::loadClass (121 bytes)
C2 CompilerThread1  7326 2975       4       java.lang.invoke.MethodType::makeImpl (155 bytes)
Total: 2

VM state: not at safepoint (normal execution)

VM Mutex/Monitor currently owned by a thread:  ([mutex/lock_event])
[0x00007ffc9f084af0] SystemDictionary_lock - owner thread: 0x0000025a9b8c6c40

Heap address: 0x0000000080000000, size: 2048 MB, Compressed Oops mode: 32-bit

CDS archive(s) mapped at: [0x0000025a55000000-0x0000025a55d40000-0x0000025a55d40000), size 13893632, SharedBaseAddress: 0x0000025a55000000, ArchiveRelocationMode: 1.
Compressed class space mapped at: 0x0000025a56000000-0x0000025a96000000, reserved size: 1073741824
UseCompressedClassPointers 1, UseCompactObjectHeaders 0
Narrow klass pointer bits 32, Max shift 3
Narrow klass base: 0x0000025a55000000, Narrow klass shift: 0
Encoding Range: [0x0000025a55000000 - 0x0000025b55000000), (4294967296 bytes)
Klass Range:    [0x0000025a55000000 - 0x0000025a96000000), (1090519040 bytes)
Klass ID Range:  [8 - 1090519033) (1090519025)

GC Precious Log:
 CardTable entry size: 512
 Card Set container configuration: InlinePtr #cards 5 size 8 Array Of Cards #cards 10 size 36 Howl #buckets 4 coarsen threshold 1843 Howl Bitmap #cards 512 size 80 coarsen threshold 460 Card regions per heap region 1 cards per card region 2048
 CPUs: 12 total, 12 available
 Memory: 14188M
 Large Page Support: Disabled
 NUMA Support: Disabled
 Compressed Oops: Enabled (32-bit)
 Heap Region Size: 1M
 Heap Min Capacity: 8M
 Heap Initial Capacity: 222M
 Heap Max Capacity: 2G
 Pre-touch: Disabled
 Parallel Workers: 10
 Concurrent Workers: 3
 Concurrent Refinement Workers: 10
 Periodic GC: Disabled

Heap:
 garbage-first heap   total reserved 2097152K, committed 229376K, used 44018K [0x0000000080000000, 0x0000000100000000)
  region size 1024K, 37 young (37888K), 13 survivors (13312K)
 Metaspace       used 16933K, committed 17472K, reserved 1114112K
  class space    used 1817K, committed 2048K, reserved 1048576K

Heap Regions: E=young(eden), S=young(survivor), O=old, HS=humongous(starts), HC=humongous(continues), CS=collection set, F=free, TAMS=top-at-mark-start, PB=parsable bottom
|   0|0x0000000080000000, 0x0000000080100000, 0x0000000080100000|100%|HS|  |TAMS 0x0000000080000000| PB 0x0000000080000000| Complete |  0
|   1|0x0000000080100000, 0x0000000080200000, 0x0000000080200000|100%|HC|  |TAMS 0x0000000080100000| PB 0x0000000080100000| Complete |  0
|   2|0x0000000080200000, 0x0000000080300000, 0x0000000080300000|100%|HC|  |TAMS 0x0000000080200000| PB 0x0000000080200000| Complete |  0
|   3|0x0000000080300000, 0x0000000080400000, 0x0000000080400000|100%| O|  |TAMS 0x0000000080300000| PB 0x0000000080300000| Untracked |  0
|   4|0x0000000080400000, 0x0000000080500000, 0x0000000080500000|100%|HS|  |TAMS 0x0000000080400000| PB 0x0000000080400000| Complete |  0
|   5|0x0000000080500000, 0x0000000080500000, 0x0000000080600000|  0%| F|  |TAMS 0x0000000080500000| PB 0x0000000080500000| Untracked |  0
|   6|0x0000000080600000, 0x00000000806e0890, 0x0000000080700000| 87%| O|  |TAMS 0x0000000080600000| PB 0x0000000080600000| Untracked |  0
|   7|0x0000000080700000, 0x0000000080700000, 0x0000000080800000|  0%| F|  |TAMS 0x0000000080700000| PB 0x0000000080700000| Untracked |  0
|   8|0x0000000080800000, 0x0000000080800000, 0x0000000080900000|  0%| F|  |TAMS 0x0000000080800000| PB 0x0000000080800000| Untracked |  0
|   9|0x0000000080900000, 0x0000000080900000, 0x0000000080a00000|  0%| F|  |TAMS 0x0000000080900000| PB 0x0000000080900000| Untracked |  0
|  10|0x0000000080a00000, 0x0000000080a00000, 0x0000000080b00000|  0%| F|  |TAMS 0x0000000080a00000| PB 0x0000000080a00000| Untracked |  0
|  11|0x0000000080b00000, 0x0000000080b00000, 0x0000000080c00000|  0%| F|  |TAMS 0x0000000080b00000| PB 0x0000000080b00000| Untracked |  0
|  12|0x0000000080c00000, 0x0000000080c00000, 0x0000000080d00000|  0%| F|  |TAMS 0x0000000080c00000| PB 0x0000000080c00000| Untracked |  0
|  13|0x0000000080d00000, 0x0000000080d00000, 0x0000000080e00000|  0%| F|  |TAMS 0x0000000080d00000| PB 0x0000000080d00000| Untracked |  0
|  14|0x0000000080e00000, 0x0000000080e00000, 0x0000000080f00000|  0%| F|  |TAMS 0x0000000080e00000| PB 0x0000000080e00000| Untracked |  0
|  15|0x0000000080f00000, 0x0000000080f00000, 0x0000000081000000|  0%| F|  |TAMS 0x0000000080f00000| PB 0x0000000080f00000| Untracked |  0
|  16|0x0000000081000000, 0x0000000081000000, 0x0000000081100000|  0%| F|  |TAMS 0x0000000081000000| PB 0x0000000081000000| Untracked |  0
|  17|0x0000000081100000, 0x0000000081100000, 0x0000000081200000|  0%| F|  |TAMS 0x0000000081100000| PB 0x0000000081100000| Untracked |  0
|  18|0x0000000081200000, 0x0000000081200000, 0x0000000081300000|  0%| F|  |TAMS 0x0000000081200000| PB 0x0000000081200000| Untracked |  0
|  19|0x0000000081300000, 0x0000000081300000, 0x0000000081400000|  0%| F|  |TAMS 0x0000000081300000| PB 0x0000000081300000| Untracked |  0
|  20|0x0000000081400000, 0x0000000081400000, 0x0000000081500000|  0%| F|  |TAMS 0x0000000081400000| PB 0x0000000081400000| Untracked |  0
|  21|0x0000000081500000, 0x0000000081500000, 0x0000000081600000|  0%| F|  |TAMS 0x0000000081500000| PB 0x0000000081500000| Untracked |  0
|  22|0x0000000081600000, 0x0000000081600000, 0x0000000081700000|  0%| F|  |TAMS 0x0000000081600000| PB 0x0000000081600000| Untracked |  0
|  23|0x0000000081700000, 0x0000000081700000, 0x0000000081800000|  0%| F|  |TAMS 0x0000000081700000| PB 0x0000000081700000| Untracked |  0
|  24|0x0000000081800000, 0x0000000081800000, 0x0000000081900000|  0%| F|  |TAMS 0x0000000081800000| PB 0x0000000081800000| Untracked |  0
|  25|0x0000000081900000, 0x0000000081900000, 0x0000000081a00000|  0%| F|  |TAMS 0x0000000081900000| PB 0x0000000081900000| Untracked |  0
|  26|0x0000000081a00000, 0x0000000081a00000, 0x0000000081b00000|  0%| F|  |TAMS 0x0000000081a00000| PB 0x0000000081a00000| Untracked |  0
|  27|0x0000000081b00000, 0x0000000081b00000, 0x0000000081c00000|  0%| F|  |TAMS 0x0000000081b00000| PB 0x0000000081b00000| Untracked |  0
|  28|0x0000000081c00000, 0x0000000081c00000, 0x0000000081d00000|  0%| F|  |TAMS 0x0000000081c00000| PB 0x0000000081c00000| Untracked |  0
|  29|0x0000000081d00000, 0x0000000081d00000, 0x0000000081e00000|  0%| F|  |TAMS 0x0000000081d00000| PB 0x0000000081d00000| Untracked |  0
|  30|0x0000000081e00000, 0x0000000081e00000, 0x0000000081f00000|  0%| F|  |TAMS 0x0000000081e00000| PB 0x0000000081e00000| Untracked |  0
|  31|0x0000000081f00000, 0x0000000081f00000, 0x0000000082000000|  0%| F|  |TAMS 0x0000000081f00000| PB 0x0000000081f00000| Untracked |  0
|  32|0x0000000082000000, 0x0000000082000000, 0x0000000082100000|  0%| F|  |TAMS 0x0000000082000000| PB 0x0000000082000000| Untracked |  0
|  33|0x0000000082100000, 0x0000000082100000, 0x0000000082200000|  0%| F|  |TAMS 0x0000000082100000| PB 0x0000000082100000| Untracked |  0
|  34|0x0000000082200000, 0x0000000082200000, 0x0000000082300000|  0%| F|  |TAMS 0x0000000082200000| PB 0x0000000082200000| Untracked |  0
|  35|0x0000000082300000, 0x0000000082300000, 0x0000000082400000|  0%| F|  |TAMS 0x0000000082300000| PB 0x0000000082300000| Untracked |  0
|  36|0x0000000082400000, 0x0000000082400000, 0x0000000082500000|  0%| F|  |TAMS 0x0000000082400000| PB 0x0000000082400000| Untracked |  0
|  37|0x0000000082500000, 0x0000000082500000, 0x0000000082600000|  0%| F|  |TAMS 0x0000000082500000| PB 0x0000000082500000| Untracked |  0
|  38|0x0000000082600000, 0x0000000082600000, 0x0000000082700000|  0%| F|  |TAMS 0x0000000082600000| PB 0x0000000082600000| Untracked |  0
|  39|0x0000000082700000, 0x0000000082700000, 0x0000000082800000|  0%| F|  |TAMS 0x0000000082700000| PB 0x0000000082700000| Untracked |  0
|  40|0x0000000082800000, 0x0000000082800000, 0x0000000082900000|  0%| F|  |TAMS 0x0000000082800000| PB 0x0000000082800000| Untracked |  0
|  41|0x0000000082900000, 0x0000000082900000, 0x0000000082a00000|  0%| F|  |TAMS 0x0000000082900000| PB 0x0000000082900000| Untracked |  0
|  42|0x0000000082a00000, 0x0000000082a00000, 0x0000000082b00000|  0%| F|  |TAMS 0x0000000082a00000| PB 0x0000000082a00000| Untracked |  0
|  43|0x0000000082b00000, 0x0000000082b00000, 0x0000000082c00000|  0%| F|  |TAMS 0x0000000082b00000| PB 0x0000000082b00000| Untracked |  0
|  44|0x0000000082c00000, 0x0000000082c00000, 0x0000000082d00000|  0%| F|  |TAMS 0x0000000082c00000| PB 0x0000000082c00000| Untracked |  0
|  45|0x0000000082d00000, 0x0000000082d00000, 0x0000000082e00000|  0%| F|  |TAMS 0x0000000082d00000| PB 0x0000000082d00000| Untracked |  0
|  46|0x0000000082e00000, 0x0000000082e00000, 0x0000000082f00000|  0%| F|  |TAMS 0x0000000082e00000| PB 0x0000000082e00000| Untracked |  0
|  47|0x0000000082f00000, 0x0000000082f00000, 0x0000000083000000|  0%| F|  |TAMS 0x0000000082f00000| PB 0x0000000082f00000| Untracked |  0
|  48|0x0000000083000000, 0x0000000083000000, 0x0000000083100000|  0%| F|  |TAMS 0x0000000083000000| PB 0x0000000083000000| Untracked |  0
|  49|0x0000000083100000, 0x0000000083100000, 0x0000000083200000|  0%| F|  |TAMS 0x0000000083100000| PB 0x0000000083100000| Untracked |  0
|  50|0x0000000083200000, 0x0000000083200000, 0x0000000083300000|  0%| F|  |TAMS 0x0000000083200000| PB 0x0000000083200000| Untracked |  0
|  51|0x0000000083300000, 0x0000000083300000, 0x0000000083400000|  0%| F|  |TAMS 0x0000000083300000| PB 0x0000000083300000| Untracked |  0
|  52|0x0000000083400000, 0x0000000083400000, 0x0000000083500000|  0%| F|  |TAMS 0x0000000083400000| PB 0x0000000083400000| Untracked |  0
|  53|0x0000000083500000, 0x0000000083500000, 0x0000000083600000|  0%| F|  |TAMS 0x0000000083500000| PB 0x0000000083500000| Untracked |  0
|  54|0x0000000083600000, 0x0000000083600000, 0x0000000083700000|  0%| F|  |TAMS 0x0000000083600000| PB 0x0000000083600000| Untracked |  0
|  55|0x0000000083700000, 0x0000000083700000, 0x0000000083800000|  0%| F|  |TAMS 0x0000000083700000| PB 0x0000000083700000| Untracked |  0
|  56|0x0000000083800000, 0x0000000083800000, 0x0000000083900000|  0%| F|  |TAMS 0x0000000083800000| PB 0x0000000083800000| Untracked |  0
|  57|0x0000000083900000, 0x0000000083900000, 0x0000000083a00000|  0%| F|  |TAMS 0x0000000083900000| PB 0x0000000083900000| Untracked |  0
|  58|0x0000000083a00000, 0x0000000083a00000, 0x0000000083b00000|  0%| F|  |TAMS 0x0000000083a00000| PB 0x0000000083a00000| Untracked |  0
|  59|0x0000000083b00000, 0x0000000083b00000, 0x0000000083c00000|  0%| F|  |TAMS 0x0000000083b00000| PB 0x0000000083b00000| Untracked |  0
|  60|0x0000000083c00000, 0x0000000083c00000, 0x0000000083d00000|  0%| F|  |TAMS 0x0000000083c00000| PB 0x0000000083c00000| Untracked |  0
|  61|0x0000000083d00000, 0x0000000083d00000, 0x0000000083e00000|  0%| F|  |TAMS 0x0000000083d00000| PB 0x0000000083d00000| Untracked |  0
|  62|0x0000000083e00000, 0x0000000083e00000, 0x0000000083f00000|  0%| F|  |TAMS 0x0000000083e00000| PB 0x0000000083e00000| Untracked |  0
|  63|0x0000000083f00000, 0x0000000083f00000, 0x0000000084000000|  0%| F|  |TAMS 0x0000000083f00000| PB 0x0000000083f00000| Untracked |  0
|  64|0x0000000084000000, 0x0000000084000000, 0x0000000084100000|  0%| F|  |TAMS 0x0000000084000000| PB 0x0000000084000000| Untracked |  0
|  65|0x0000000084100000, 0x0000000084100000, 0x0000000084200000|  0%| F|  |TAMS 0x0000000084100000| PB 0x0000000084100000| Untracked |  0
|  66|0x0000000084200000, 0x0000000084200000, 0x0000000084300000|  0%| F|  |TAMS 0x0000000084200000| PB 0x0000000084200000| Untracked |  0
|  67|0x0000000084300000, 0x0000000084300000, 0x0000000084400000|  0%| F|  |TAMS 0x0000000084300000| PB 0x0000000084300000| Untracked |  0
|  68|0x0000000084400000, 0x0000000084400000, 0x0000000084500000|  0%| F|  |TAMS 0x0000000084400000| PB 0x0000000084400000| Untracked |  0
|  69|0x0000000084500000, 0x0000000084500000, 0x0000000084600000|  0%| F|  |TAMS 0x0000000084500000| PB 0x0000000084500000| Untracked |  0
|  70|0x0000000084600000, 0x0000000084600000, 0x0000000084700000|  0%| F|  |TAMS 0x0000000084600000| PB 0x0000000084600000| Untracked |  0
|  71|0x0000000084700000, 0x0000000084700000, 0x0000000084800000|  0%| F|  |TAMS 0x0000000084700000| PB 0x0000000084700000| Untracked |  0
|  72|0x0000000084800000, 0x0000000084800000, 0x0000000084900000|  0%| F|  |TAMS 0x0000000084800000| PB 0x0000000084800000| Untracked |  0
|  73|0x0000000084900000, 0x0000000084900000, 0x0000000084a00000|  0%| F|  |TAMS 0x0000000084900000| PB 0x0000000084900000| Untracked |  0
|  74|0x0000000084a00000, 0x0000000084a00000, 0x0000000084b00000|  0%| F|  |TAMS 0x0000000084a00000| PB 0x0000000084a00000| Untracked |  0
|  75|0x0000000084b00000, 0x0000000084b00000, 0x0000000084c00000|  0%| F|  |TAMS 0x0000000084b00000| PB 0x0000000084b00000| Untracked |  0
|  76|0x0000000084c00000, 0x0000000084c00000, 0x0000000084d00000|  0%| F|  |TAMS 0x0000000084c00000| PB 0x0000000084c00000| Untracked |  0
|  77|0x0000000084d00000, 0x0000000084d00000, 0x0000000084e00000|  0%| F|  |TAMS 0x0000000084d00000| PB 0x0000000084d00000| Untracked |  0
|  78|0x0000000084e00000, 0x0000000084e00000, 0x0000000084f00000|  0%| F|  |TAMS 0x0000000084e00000| PB 0x0000000084e00000| Untracked |  0
|  79|0x0000000084f00000, 0x0000000084f00000, 0x0000000085000000|  0%| F|  |TAMS 0x0000000084f00000| PB 0x0000000084f00000| Untracked |  0
|  80|0x0000000085000000, 0x0000000085000000, 0x0000000085100000|  0%| F|  |TAMS 0x0000000085000000| PB 0x0000000085000000| Untracked |  0
|  81|0x0000000085100000, 0x0000000085100000, 0x0000000085200000|  0%| F|  |TAMS 0x0000000085100000| PB 0x0000000085100000| Untracked |  0
|  82|0x0000000085200000, 0x0000000085200000, 0x0000000085300000|  0%| F|  |TAMS 0x0000000085200000| PB 0x0000000085200000| Untracked |  0
|  83|0x0000000085300000, 0x0000000085300000, 0x0000000085400000|  0%| F|  |TAMS 0x0000000085300000| PB 0x0000000085300000| Untracked |  0
|  84|0x0000000085400000, 0x0000000085400000, 0x0000000085500000|  0%| F|  |TAMS 0x0000000085400000| PB 0x0000000085400000| Untracked |  0
|  85|0x0000000085500000, 0x0000000085500000, 0x0000000085600000|  0%| F|  |TAMS 0x0000000085500000| PB 0x0000000085500000| Untracked |  0
|  86|0x0000000085600000, 0x0000000085600000, 0x0000000085700000|  0%| F|  |TAMS 0x0000000085600000| PB 0x0000000085600000| Untracked |  0
|  87|0x0000000085700000, 0x0000000085700000, 0x0000000085800000|  0%| F|  |TAMS 0x0000000085700000| PB 0x0000000085700000| Untracked |  0
|  88|0x0000000085800000, 0x0000000085800000, 0x0000000085900000|  0%| F|  |TAMS 0x0000000085800000| PB 0x0000000085800000| Untracked |  0
|  89|0x0000000085900000, 0x0000000085900000, 0x0000000085a00000|  0%| F|  |TAMS 0x0000000085900000| PB 0x0000000085900000| Untracked |  0
|  90|0x0000000085a00000, 0x0000000085a00000, 0x0000000085b00000|  0%| F|  |TAMS 0x0000000085a00000| PB 0x0000000085a00000| Untracked |  0
|  91|0x0000000085b00000, 0x0000000085b00000, 0x0000000085c00000|  0%| F|  |TAMS 0x0000000085b00000| PB 0x0000000085b00000| Untracked |  0
|  92|0x0000000085c00000, 0x0000000085c00000, 0x0000000085d00000|  0%| F|  |TAMS 0x0000000085c00000| PB 0x0000000085c00000| Untracked |  0
|  93|0x0000000085d00000, 0x0000000085d00000, 0x0000000085e00000|  0%| F|  |TAMS 0x0000000085d00000| PB 0x0000000085d00000| Untracked |  0
|  94|0x0000000085e00000, 0x0000000085e00000, 0x0000000085f00000|  0%| F|  |TAMS 0x0000000085e00000| PB 0x0000000085e00000| Untracked |  0
|  95|0x0000000085f00000, 0x0000000085f00000, 0x0000000086000000|  0%| F|  |TAMS 0x0000000085f00000| PB 0x0000000085f00000| Untracked |  0
|  96|0x0000000086000000, 0x0000000086000000, 0x0000000086100000|  0%| F|  |TAMS 0x0000000086000000| PB 0x0000000086000000| Untracked |  0
|  97|0x0000000086100000, 0x0000000086100000, 0x0000000086200000|  0%| F|  |TAMS 0x0000000086100000| PB 0x0000000086100000| Untracked |  0
|  98|0x0000000086200000, 0x0000000086200000, 0x0000000086300000|  0%| F|  |TAMS 0x0000000086200000| PB 0x0000000086200000| Untracked |  0
|  99|0x0000000086300000, 0x0000000086300000, 0x0000000086400000|  0%| F|  |TAMS 0x0000000086300000| PB 0x0000000086300000| Untracked |  0
| 100|0x0000000086400000, 0x0000000086400000, 0x0000000086500000|  0%| F|  |TAMS 0x0000000086400000| PB 0x0000000086400000| Untracked |  0
| 101|0x0000000086500000, 0x0000000086500000, 0x0000000086600000|  0%| F|  |TAMS 0x0000000086500000| PB 0x0000000086500000| Untracked |  0
| 102|0x0000000086600000, 0x0000000086600000, 0x0000000086700000|  0%| F|  |TAMS 0x0000000086600000| PB 0x0000000086600000| Untracked |  0
| 103|0x0000000086700000, 0x0000000086700000, 0x0000000086800000|  0%| F|  |TAMS 0x0000000086700000| PB 0x0000000086700000| Untracked |  0
| 104|0x0000000086800000, 0x0000000086800000, 0x0000000086900000|  0%| F|  |TAMS 0x0000000086800000| PB 0x0000000086800000| Untracked |  0
| 105|0x0000000086900000, 0x0000000086900000, 0x0000000086a00000|  0%| F|  |TAMS 0x0000000086900000| PB 0x0000000086900000| Untracked |  0
| 106|0x0000000086a00000, 0x0000000086a00000, 0x0000000086b00000|  0%| F|  |TAMS 0x0000000086a00000| PB 0x0000000086a00000| Untracked |  0
| 107|0x0000000086b00000, 0x0000000086b00000, 0x0000000086c00000|  0%| F|  |TAMS 0x0000000086b00000| PB 0x0000000086b00000| Untracked |  0
| 108|0x0000000086c00000, 0x0000000086c00000, 0x0000000086d00000|  0%| F|  |TAMS 0x0000000086c00000| PB 0x0000000086c00000| Untracked |  0
| 109|0x0000000086d00000, 0x0000000086d00000, 0x0000000086e00000|  0%| F|  |TAMS 0x0000000086d00000| PB 0x0000000086d00000| Untracked |  0
| 110|0x0000000086e00000, 0x0000000086e00000, 0x0000000086f00000|  0%| F|  |TAMS 0x0000000086e00000| PB 0x0000000086e00000| Untracked |  0
| 111|0x0000000086f00000, 0x0000000087000000, 0x0000000087000000|100%| S|CS|TAMS 0x0000000086f00000| PB 0x0000000086f00000| Complete |  0
| 112|0x0000000087000000, 0x0000000087100000, 0x0000000087100000|100%| S|CS|TAMS 0x0000000087000000| PB 0x0000000087000000| Complete |  0
| 113|0x0000000087100000, 0x0000000087200000, 0x0000000087200000|100%| S|CS|TAMS 0x0000000087100000| PB 0x0000000087100000| Complete |  0
| 114|0x0000000087200000, 0x0000000087300000, 0x0000000087300000|100%| S|CS|TAMS 0x0000000087200000| PB 0x0000000087200000| Complete |  0
| 115|0x0000000087300000, 0x0000000087400000, 0x0000000087400000|100%| S|CS|TAMS 0x0000000087300000| PB 0x0000000087300000| Complete |  0
| 116|0x0000000087400000, 0x0000000087500000, 0x0000000087500000|100%| S|CS|TAMS 0x0000000087400000| PB 0x0000000087400000| Complete |  0
| 117|0x0000000087500000, 0x0000000087600000, 0x0000000087600000|100%| S|CS|TAMS 0x0000000087500000| PB 0x0000000087500000| Complete |  0
| 118|0x0000000087600000, 0x0000000087700000, 0x0000000087700000|100%| S|CS|TAMS 0x0000000087600000| PB 0x0000000087600000| Complete |  0
| 119|0x0000000087700000, 0x0000000087800000, 0x0000000087800000|100%| S|CS|TAMS 0x0000000087700000| PB 0x0000000087700000| Complete |  0
| 120|0x0000000087800000, 0x0000000087900000, 0x0000000087900000|100%| S|CS|TAMS 0x0000000087800000| PB 0x0000000087800000| Complete |  0
| 121|0x0000000087900000, 0x0000000087a00000, 0x0000000087a00000|100%| S|CS|TAMS 0x0000000087900000| PB 0x0000000087900000| Complete |  0
| 122|0x0000000087a00000, 0x0000000087b00000, 0x0000000087b00000|100%| S|CS|TAMS 0x0000000087a00000| PB 0x0000000087a00000| Complete |  0
| 123|0x0000000087b00000, 0x0000000087c00000, 0x0000000087c00000|100%| S|CS|TAMS 0x0000000087b00000| PB 0x0000000087b00000| Complete |  0
| 124|0x0000000087c00000, 0x0000000087c00000, 0x0000000087d00000|  0%| F|  |TAMS 0x0000000087c00000| PB 0x0000000087c00000| Untracked |  0
| 125|0x0000000087d00000, 0x0000000087d00000, 0x0000000087e00000|  0%| F|  |TAMS 0x0000000087d00000| PB 0x0000000087d00000| Untracked |  0
| 126|0x0000000087e00000, 0x0000000087e00000, 0x0000000087f00000|  0%| F|  |TAMS 0x0000000087e00000| PB 0x0000000087e00000| Untracked |  0
| 127|0x0000000087f00000, 0x0000000087f00000, 0x0000000088000000|  0%| F|  |TAMS 0x0000000087f00000| PB 0x0000000087f00000| Untracked |  0
| 128|0x0000000088000000, 0x0000000088000000, 0x0000000088100000|  0%| F|  |TAMS 0x0000000088000000| PB 0x0000000088000000| Untracked |  0
| 129|0x0000000088100000, 0x0000000088100000, 0x0000000088200000|  0%| F|  |TAMS 0x0000000088100000| PB 0x0000000088100000| Untracked |  0
| 130|0x0000000088200000, 0x0000000088200000, 0x0000000088300000|  0%| F|  |TAMS 0x0000000088200000| PB 0x0000000088200000| Untracked |  0
| 131|0x0000000088300000, 0x0000000088300000, 0x0000000088400000|  0%| F|  |TAMS 0x0000000088300000| PB 0x0000000088300000| Untracked |  0
| 132|0x0000000088400000, 0x0000000088400000, 0x0000000088500000|  0%| F|  |TAMS 0x0000000088400000| PB 0x0000000088400000| Untracked |  0
| 133|0x0000000088500000, 0x0000000088500000, 0x0000000088600000|  0%| F|  |TAMS 0x0000000088500000| PB 0x0000000088500000| Untracked |  0
| 134|0x0000000088600000, 0x0000000088600000, 0x0000000088700000|  0%| F|  |TAMS 0x0000000088600000| PB 0x0000000088600000| Untracked |  0
| 135|0x0000000088700000, 0x0000000088700000, 0x0000000088800000|  0%| F|  |TAMS 0x0000000088700000| PB 0x0000000088700000| Untracked |  0
| 136|0x0000000088800000, 0x0000000088800000, 0x0000000088900000|  0%| F|  |TAMS 0x0000000088800000| PB 0x0000000088800000| Untracked |  0
| 137|0x0000000088900000, 0x0000000088900000, 0x0000000088a00000|  0%| F|  |TAMS 0x0000000088900000| PB 0x0000000088900000| Untracked |  0
| 138|0x0000000088a00000, 0x0000000088a00000, 0x0000000088b00000|  0%| F|  |TAMS 0x0000000088a00000| PB 0x0000000088a00000| Untracked |  0
| 139|0x0000000088b00000, 0x0000000088b00000, 0x0000000088c00000|  0%| F|  |TAMS 0x0000000088b00000| PB 0x0000000088b00000| Untracked |  0
| 140|0x0000000088c00000, 0x0000000088c00000, 0x0000000088d00000|  0%| F|  |TAMS 0x0000000088c00000| PB 0x0000000088c00000| Untracked |  0
| 141|0x0000000088d00000, 0x0000000088d00000, 0x0000000088e00000|  0%| F|  |TAMS 0x0000000088d00000| PB 0x0000000088d00000| Untracked |  0
| 142|0x0000000088e00000, 0x0000000088e00000, 0x0000000088f00000|  0%| F|  |TAMS 0x0000000088e00000| PB 0x0000000088e00000| Untracked |  0
| 143|0x0000000088f00000, 0x0000000088f00000, 0x0000000089000000|  0%| F|  |TAMS 0x0000000088f00000| PB 0x0000000088f00000| Untracked |  0
| 144|0x0000000089000000, 0x0000000089000000, 0x0000000089100000|  0%| F|  |TAMS 0x0000000089000000| PB 0x0000000089000000| Untracked |  0
| 145|0x0000000089100000, 0x0000000089100000, 0x0000000089200000|  0%| F|  |TAMS 0x0000000089100000| PB 0x0000000089100000| Untracked |  0
| 146|0x0000000089200000, 0x0000000089200000, 0x0000000089300000|  0%| F|  |TAMS 0x0000000089200000| PB 0x0000000089200000| Untracked |  0
| 147|0x0000000089300000, 0x0000000089300000, 0x0000000089400000|  0%| F|  |TAMS 0x0000000089300000| PB 0x0000000089300000| Untracked |  0
| 148|0x0000000089400000, 0x0000000089400000, 0x0000000089500000|  0%| F|  |TAMS 0x0000000089400000| PB 0x0000000089400000| Untracked |  0
| 149|0x0000000089500000, 0x0000000089500000, 0x0000000089600000|  0%| F|  |TAMS 0x0000000089500000| PB 0x0000000089500000| Untracked |  0
| 150|0x0000000089600000, 0x0000000089600000, 0x0000000089700000|  0%| F|  |TAMS 0x0000000089600000| PB 0x0000000089600000| Untracked |  0
| 151|0x0000000089700000, 0x0000000089700000, 0x0000000089800000|  0%| F|  |TAMS 0x0000000089700000| PB 0x0000000089700000| Untracked |  0
| 152|0x0000000089800000, 0x0000000089800000, 0x0000000089900000|  0%| F|  |TAMS 0x0000000089800000| PB 0x0000000089800000| Untracked |  0
| 153|0x0000000089900000, 0x0000000089900000, 0x0000000089a00000|  0%| F|  |TAMS 0x0000000089900000| PB 0x0000000089900000| Untracked |  0
| 154|0x0000000089a00000, 0x0000000089a00000, 0x0000000089b00000|  0%| F|  |TAMS 0x0000000089a00000| PB 0x0000000089a00000| Untracked |  0
| 155|0x0000000089b00000, 0x0000000089b00000, 0x0000000089c00000|  0%| F|  |TAMS 0x0000000089b00000| PB 0x0000000089b00000| Untracked |  0
| 156|0x0000000089c00000, 0x0000000089c00000, 0x0000000089d00000|  0%| F|  |TAMS 0x0000000089c00000| PB 0x0000000089c00000| Untracked |  0
| 157|0x0000000089d00000, 0x0000000089d00000, 0x0000000089e00000|  0%| F|  |TAMS 0x0000000089d00000| PB 0x0000000089d00000| Untracked |  0
| 158|0x0000000089e00000, 0x0000000089e00000, 0x0000000089f00000|  0%| F|  |TAMS 0x0000000089e00000| PB 0x0000000089e00000| Untracked |  0
| 159|0x0000000089f00000, 0x0000000089f00000, 0x000000008a000000|  0%| F|  |TAMS 0x0000000089f00000| PB 0x0000000089f00000| Untracked |  0
| 160|0x000000008a000000, 0x000000008a000000, 0x000000008a100000|  0%| F|  |TAMS 0x000000008a000000| PB 0x000000008a000000| Untracked |  0
| 161|0x000000008a100000, 0x000000008a100000, 0x000000008a200000|  0%| F|  |TAMS 0x000000008a100000| PB 0x000000008a100000| Untracked |  0
| 162|0x000000008a200000, 0x000000008a200000, 0x000000008a300000|  0%| F|  |TAMS 0x000000008a200000| PB 0x000000008a200000| Untracked |  0
| 163|0x000000008a300000, 0x000000008a300000, 0x000000008a400000|  0%| F|  |TAMS 0x000000008a300000| PB 0x000000008a300000| Untracked |  0
| 164|0x000000008a400000, 0x000000008a400000, 0x000000008a500000|  0%| F|  |TAMS 0x000000008a400000| PB 0x000000008a400000| Untracked |  0
| 165|0x000000008a500000, 0x000000008a500000, 0x000000008a600000|  0%| F|  |TAMS 0x000000008a500000| PB 0x000000008a500000| Untracked |  0
| 166|0x000000008a600000, 0x000000008a600000, 0x000000008a700000|  0%| F|  |TAMS 0x000000008a600000| PB 0x000000008a600000| Untracked |  0
| 167|0x000000008a700000, 0x000000008a700000, 0x000000008a800000|  0%| F|  |TAMS 0x000000008a700000| PB 0x000000008a700000| Untracked |  0
| 168|0x000000008a800000, 0x000000008a800000, 0x000000008a900000|  0%| F|  |TAMS 0x000000008a800000| PB 0x000000008a800000| Untracked |  0
| 169|0x000000008a900000, 0x000000008a900000, 0x000000008aa00000|  0%| F|  |TAMS 0x000000008a900000| PB 0x000000008a900000| Untracked |  0
| 170|0x000000008aa00000, 0x000000008aa00000, 0x000000008ab00000|  0%| F|  |TAMS 0x000000008aa00000| PB 0x000000008aa00000| Untracked |  0
| 171|0x000000008ab00000, 0x000000008ab00000, 0x000000008ac00000|  0%| F|  |TAMS 0x000000008ab00000| PB 0x000000008ab00000| Untracked |  0
| 172|0x000000008ac00000, 0x000000008ac00000, 0x000000008ad00000|  0%| F|  |TAMS 0x000000008ac00000| PB 0x000000008ac00000| Untracked |  0
| 173|0x000000008ad00000, 0x000000008ad00000, 0x000000008ae00000|  0%| F|  |TAMS 0x000000008ad00000| PB 0x000000008ad00000| Untracked |  0
| 174|0x000000008ae00000, 0x000000008ae00000, 0x000000008af00000|  0%| F|  |TAMS 0x000000008ae00000| PB 0x000000008ae00000| Untracked |  0
| 175|0x000000008af00000, 0x000000008af00000, 0x000000008b000000|  0%| F|  |TAMS 0x000000008af00000| PB 0x000000008af00000| Untracked |  0
| 176|0x000000008b000000, 0x000000008b000000, 0x000000008b100000|  0%| F|  |TAMS 0x000000008b000000| PB 0x000000008b000000| Untracked |  0
| 177|0x000000008b100000, 0x000000008b100000, 0x000000008b200000|  0%| F|  |TAMS 0x000000008b100000| PB 0x000000008b100000| Untracked |  0
| 178|0x000000008b200000, 0x000000008b200000, 0x000000008b300000|  0%| F|  |TAMS 0x000000008b200000| PB 0x000000008b200000| Untracked |  0
| 179|0x000000008b300000, 0x000000008b300000, 0x000000008b400000|  0%| F|  |TAMS 0x000000008b300000| PB 0x000000008b300000| Untracked |  0
| 180|0x000000008b400000, 0x000000008b400000, 0x000000008b500000|  0%| F|  |TAMS 0x000000008b400000| PB 0x000000008b400000| Untracked |  0
| 181|0x000000008b500000, 0x000000008b500000, 0x000000008b600000|  0%| F|  |TAMS 0x000000008b500000| PB 0x000000008b500000| Untracked |  0
| 182|0x000000008b600000, 0x000000008b600000, 0x000000008b700000|  0%| F|  |TAMS 0x000000008b600000| PB 0x000000008b600000| Untracked |  0
| 183|0x000000008b700000, 0x000000008b700000, 0x000000008b800000|  0%| F|  |TAMS 0x000000008b700000| PB 0x000000008b700000| Untracked |  0
| 184|0x000000008b800000, 0x000000008b800000, 0x000000008b900000|  0%| F|  |TAMS 0x000000008b800000| PB 0x000000008b800000| Untracked |  0
| 185|0x000000008b900000, 0x000000008b900000, 0x000000008ba00000|  0%| F|  |TAMS 0x000000008b900000| PB 0x000000008b900000| Untracked |  0
| 186|0x000000008ba00000, 0x000000008ba00000, 0x000000008bb00000|  0%| F|  |TAMS 0x000000008ba00000| PB 0x000000008ba00000| Untracked |  0
| 187|0x000000008bb00000, 0x000000008bb00000, 0x000000008bc00000|  0%| F|  |TAMS 0x000000008bb00000| PB 0x000000008bb00000| Untracked |  0
| 188|0x000000008bc00000, 0x000000008bc00000, 0x000000008bd00000|  0%| F|  |TAMS 0x000000008bc00000| PB 0x000000008bc00000| Untracked |  0
| 189|0x000000008bd00000, 0x000000008bd00000, 0x000000008be00000|  0%| F|  |TAMS 0x000000008bd00000| PB 0x000000008bd00000| Untracked |  0
| 190|0x000000008be00000, 0x000000008be00000, 0x000000008bf00000|  0%| F|  |TAMS 0x000000008be00000| PB 0x000000008be00000| Untracked |  0
| 191|0x000000008bf00000, 0x000000008bf00000, 0x000000008c000000|  0%| F|  |TAMS 0x000000008bf00000| PB 0x000000008bf00000| Untracked |  0
| 192|0x000000008c000000, 0x000000008c000000, 0x000000008c100000|  0%| F|  |TAMS 0x000000008c000000| PB 0x000000008c000000| Untracked |  0
| 193|0x000000008c100000, 0x000000008c100000, 0x000000008c200000|  0%| F|  |TAMS 0x000000008c100000| PB 0x000000008c100000| Untracked |  0
| 194|0x000000008c200000, 0x000000008c200000, 0x000000008c300000|  0%| F|  |TAMS 0x000000008c200000| PB 0x000000008c200000| Untracked |  0
| 195|0x000000008c300000, 0x000000008c300000, 0x000000008c400000|  0%| F|  |TAMS 0x000000008c300000| PB 0x000000008c300000| Untracked |  0
| 196|0x000000008c400000, 0x000000008c400000, 0x000000008c500000|  0%| F|  |TAMS 0x000000008c400000| PB 0x000000008c400000| Untracked |  0
| 197|0x000000008c500000, 0x000000008c500000, 0x000000008c600000|  0%| F|  |TAMS 0x000000008c500000| PB 0x000000008c500000| Untracked |  0
| 198|0x000000008c600000, 0x000000008c700000, 0x000000008c700000|100%| E|  |TAMS 0x000000008c600000| PB 0x000000008c600000| Complete |  0
| 199|0x000000008c700000, 0x000000008c800000, 0x000000008c800000|100%| E|CS|TAMS 0x000000008c700000| PB 0x000000008c700000| Complete |  0
| 200|0x000000008c800000, 0x000000008c900000, 0x000000008c900000|100%| E|CS|TAMS 0x000000008c800000| PB 0x000000008c800000| Complete |  0
| 201|0x000000008c900000, 0x000000008ca00000, 0x000000008ca00000|100%| E|CS|TAMS 0x000000008c900000| PB 0x000000008c900000| Complete |  0
| 202|0x000000008ca00000, 0x000000008cb00000, 0x000000008cb00000|100%| E|CS|TAMS 0x000000008ca00000| PB 0x000000008ca00000| Complete |  0
| 203|0x000000008cb00000, 0x000000008cc00000, 0x000000008cc00000|100%| E|CS|TAMS 0x000000008cb00000| PB 0x000000008cb00000| Complete |  0
| 204|0x000000008cc00000, 0x000000008cd00000, 0x000000008cd00000|100%| E|CS|TAMS 0x000000008cc00000| PB 0x000000008cc00000| Complete |  0
| 205|0x000000008cd00000, 0x000000008ce00000, 0x000000008ce00000|100%| E|CS|TAMS 0x000000008cd00000| PB 0x000000008cd00000| Complete |  0
| 206|0x000000008ce00000, 0x000000008cf00000, 0x000000008cf00000|100%| E|CS|TAMS 0x000000008ce00000| PB 0x000000008ce00000| Complete |  0
| 207|0x000000008cf00000, 0x000000008d000000, 0x000000008d000000|100%| E|CS|TAMS 0x000000008cf00000| PB 0x000000008cf00000| Complete |  0
| 208|0x000000008d000000, 0x000000008d100000, 0x000000008d100000|100%| E|CS|TAMS 0x000000008d000000| PB 0x000000008d000000| Complete |  0
| 209|0x000000008d100000, 0x000000008d200000, 0x000000008d200000|100%| E|CS|TAMS 0x000000008d100000| PB 0x000000008d100000| Complete |  0
| 210|0x000000008d200000, 0x000000008d300000, 0x000000008d300000|100%| E|CS|TAMS 0x000000008d200000| PB 0x000000008d200000| Complete |  0
| 211|0x000000008d300000, 0x000000008d400000, 0x000000008d400000|100%| E|CS|TAMS 0x000000008d300000| PB 0x000000008d300000| Complete |  0
| 212|0x000000008d400000, 0x000000008d500000, 0x000000008d500000|100%| E|CS|TAMS 0x000000008d400000| PB 0x000000008d400000| Complete |  0
| 213|0x000000008d500000, 0x000000008d600000, 0x000000008d600000|100%| E|CS|TAMS 0x000000008d500000| PB 0x000000008d500000| Complete |  0
| 214|0x000000008d600000, 0x000000008d700000, 0x000000008d700000|100%| E|CS|TAMS 0x000000008d600000| PB 0x000000008d600000| Complete |  0
| 215|0x000000008d700000, 0x000000008d800000, 0x000000008d800000|100%| E|CS|TAMS 0x000000008d700000| PB 0x000000008d700000| Complete |  0
| 216|0x000000008d800000, 0x000000008d900000, 0x000000008d900000|100%| E|CS|TAMS 0x000000008d800000| PB 0x000000008d800000| Complete |  0
| 217|0x000000008d900000, 0x000000008da00000, 0x000000008da00000|100%| E|CS|TAMS 0x000000008d900000| PB 0x000000008d900000| Complete |  0
| 218|0x000000008da00000, 0x000000008db00000, 0x000000008db00000|100%| E|CS|TAMS 0x000000008da00000| PB 0x000000008da00000| Complete |  0
| 219|0x000000008db00000, 0x000000008dc00000, 0x000000008dc00000|100%| E|CS|TAMS 0x000000008db00000| PB 0x000000008db00000| Complete |  0
| 220|0x000000008dc00000, 0x000000008dd00000, 0x000000008dd00000|100%| E|CS|TAMS 0x000000008dc00000| PB 0x000000008dc00000| Complete |  0
| 221|0x000000008dd00000, 0x000000008de00000, 0x000000008de00000|100%| E|CS|TAMS 0x000000008dd00000| PB 0x000000008dd00000| Complete |  0
|2046|0x00000000ffe00000, 0x00000000fff00000, 0x00000000fff00000|100%| O|  |TAMS 0x00000000ffe00000| PB 0x00000000ffe00000| Untracked |  0
|2047|0x00000000fff00000, 0x00000000fff1c330, 0x0000000100000000| 11%| O|  |TAMS 0x00000000fff00000| PB 0x00000000fff00000| Untracked |  0

Card table byte_map: [0x0000025a4f430000,0x0000025a4f830000] _byte_map_base: 0x0000025a4f030000

Marking Bits: (CMBitMap*) 0x0000025a3719b000
 Bits: [0x0000025a4f830000, 0x0000025a51830000)

Polling page: 0x0000025a34f60000

Metaspace:

Usage:
  Non-class:     14.83 MB used.
      Class:      1.78 MB used.
       Both:     16.61 MB used.

Virtual space:
  Non-class space:       64.00 MB reserved,      15.12 MB ( 24%) committed,  1 nodes.
      Class space:        1.00 GB reserved,       2.06 MB ( <1%) committed,  1 nodes.
             Both:        1.06 GB reserved,      17.19 MB (  2%) committed. 

Chunk freelists:
   Non-Class:  15.94 MB
       Class:  13.84 MB
        Both:  29.78 MB

MaxMetaspaceSize: unlimited
CompressedClassSpaceSize: 1.00 GB
Initial GC threshold: 21.00 MB
Current GC threshold: 21.00 MB
CDS: on
 - commit_granule_bytes: 65536.
 - commit_granule_words: 8192.
 - virtual_space_node_default_size: 8388608.
 - enlarge_chunks_in_place: 1.
UseCompressedClassPointers 1, UseCompactObjectHeaders 0
Narrow klass pointer bits 32, Max shift 3
Narrow klass base: 0x0000025a55000000, Narrow klass shift: 0
Encoding Range: [0x0000025a55000000 - 0x0000025b55000000), (4294967296 bytes)
Klass Range:    [0x0000025a55000000 - 0x0000025a96000000), (1090519040 bytes)
Klass ID Range:  [8 - 1090519033) (1090519025)


Internal statistics:

num_allocs_failed_limit: 0.
num_arena_births: 688.
num_arena_deaths: 0.
num_vsnodes_births: 2.
num_vsnodes_deaths: 0.
num_space_committed: 275.
num_space_uncommitted: 0.
num_chunks_returned_to_freelist: 0.
num_chunks_taken_from_freelist: 1283.
num_chunk_merges: 0.
num_chunk_splits: 832.
num_chunks_enlarged: 568.
num_inconsistent_stats: 0.

CodeHeap 'non-profiled nmethods': size=120064Kb used=1149Kb max_used=1149Kb free=118914Kb
 bounds [0x0000025a47490000, 0x0000025a47700000, 0x0000025a4e9d0000]
CodeHeap 'profiled nmethods': size=120000Kb used=5325Kb max_used=5325Kb free=114674Kb
 bounds [0x0000025a3f9d0000, 0x0000025a3ff10000, 0x0000025a46f00000]
CodeHeap 'non-nmethods': size=5696Kb used=1420Kb max_used=1480Kb free=4275Kb
 bounds [0x0000025a46f00000, 0x0000025a47170000, 0x0000025a47490000]
CodeCache: size=245760Kb, used=7894Kb, max_used=7954Kb, free=237863Kb
 total_blobs=3658, nmethods=3069, adapters=494, full_count=0
Compilation: enabled, stopped_count=0, restarted_count=0

Compilation events (20 events):
Event: 3.213 Thread 0x0000025a545206d0 2970       3       jdk.internal.constant.ConstantUtils::validateClassOrPackageName (123 bytes)
Event: 3.215 Thread 0x0000025a545206d0 nmethod 2970 0x0000025a3feda108 code [0x0000025a3feda5e0, 0x0000025a3fede688]
Event: 3.215 Thread 0x0000025a545206d0 2971       3       jdk.internal.classfile.impl.DirectCodeBuilder::parameterSlot (11 bytes)
Event: 3.215 Thread 0x0000025a545206d0 nmethod 2971 0x0000025a3fede788 code [0x0000025a3fede8a0, 0x0000025a3fedea70]
Event: 3.215 Thread 0x0000025a545206d0 2972       3       jdk.internal.classfile.impl.DirectCodeBuilder::dup (11 bytes)
Event: 3.215 Thread 0x0000025a545206d0 nmethod 2972 0x0000025a3fedea88 code [0x0000025a3fedeba0, 0x0000025a3feded78]
Event: 3.215 Thread 0x0000025a545206d0 2973       1       sun.invoke.util.Wrapper::basicTypeChar (5 bytes)
Event: 3.216 Thread 0x0000025a545206d0 nmethod 2973 0x0000025a475a9288 code [0x0000025a475a9380, 0x0000025a475a9450]
Event: 3.220 Thread 0x0000025a54520e60 2974       4       java.util.ArrayList::grow (60 bytes)
Event: 3.223 Thread 0x0000025a54520e60 nmethod 2974 0x0000025a475a9588 code [0x0000025a475a96c0, 0x0000025a475a9d60]
Event: 3.224 Thread 0x0000025a54520e60 2975       4       java.lang.invoke.MethodType::makeImpl (155 bytes)
Event: 3.236 Thread 0x0000025a545206d0 2977       3       sun.invoke.util.VerifyAccess::getClassModifiers (24 bytes)
Event: 3.237 Thread 0x0000025a545206d0 nmethod 2977 0x0000025a3feded88 code [0x0000025a3fedeec0, 0x0000025a3fedf270]
Event: 3.238 Thread 0x0000025a545206d0 2978       3       java.lang.invoke.InfoFromMemberName::getModifiers (8 bytes)
Event: 3.238 Thread 0x0000025a545206d0 nmethod 2978 0x0000025a3fedf308 code [0x0000025a3fedf420, 0x0000025a3fedf618]
Event: 3.404 Thread 0x0000025a545206d0 2980       3       jdk.internal.misc.Unsafe::putReferenceOpaque (9 bytes)
Event: 3.404 Thread 0x0000025a545206d0 nmethod 2980 0x0000025a3fedf688 code [0x0000025a3fedf7a0, 0x0000025a3fedf900]
Event: 3.425 Thread 0x0000025a545206d0 2981       3       java.util.concurrent.locks.LockSupport::setBlocker (12 bytes)
Event: 3.425 Thread 0x0000025a545206d0 nmethod 2981 0x0000025a3fedf988 code [0x0000025a3fedfaa0, 0x0000025a3fedfd28]
Event: 3.598 Thread 0x0000025a545206d0 2982       3       java.util.concurrent.locks.ReentrantLock::unlock (10 bytes)

GC Heap History (4 events):
Event: 1.406 GC heap before
{Heap before GC invocations=0 (full 0):
 garbage-first heap   total reserved 2097152K, committed 229376K, used 51312K [0x0000000080000000, 0x0000000100000000)
  region size 1024K, 47 young (48128K), 0 survivors (0K)
 Metaspace       used 4426K, committed 4672K, reserved 1114112K
  class space    used 376K, committed 512K, reserved 1048576K
}
Event: 1.411 GC heap after
{Heap after GC invocations=1 (full 0):
 garbage-first heap   total reserved 2097152K, committed 229376K, used 11051K [0x0000000080000000, 0x0000000100000000)
  region size 1024K, 6 young (6144K), 6 survivors (6144K)
 Metaspace       used 4426K, committed 4672K, reserved 1114112K
  class space    used 376K, committed 512K, reserved 1048576K
}
Event: 2.938 GC heap before
{Heap before GC invocations=1 (full 0):
 garbage-first heap   total reserved 2097152K, committed 229376K, used 107307K [0x0000000080000000, 0x0000000100000000)
  region size 1024K, 98 young (100352K), 6 survivors (6144K)
 Metaspace       used 13544K, committed 13952K, reserved 1114112K
  class space    used 1409K, committed 1600K, reserved 1048576K
}
Event: 2.945 GC heap after
{Heap after GC invocations=2 (full 0):
 garbage-first heap   total reserved 2097152K, committed 229376K, used 20466K [0x0000000080000000, 0x0000000100000000)
  region size 1024K, 13 young (13312K), 13 survivors (13312K)
 Metaspace       used 13544K, committed 13952K, reserved 1114112K
  class space    used 1409K, committed 1600K, reserved 1048576K
}

Dll operation events (15 events):
Event: 0.194 Loaded shared library D:\kma\jdk-24.0.2\bin\java.dll
Event: 0.225 Loaded shared library D:\kma\jdk-24.0.2\bin\jsvml.dll
Event: 0.288 Loaded shared library D:\kma\jdk-24.0.2\bin\zip.dll
Event: 0.376 Loaded shared library D:\kma\jdk-24.0.2\bin\instrument.dll
Event: 0.379 Loaded shared library D:\kma\jdk-24.0.2\bin\net.dll
Event: 0.381 Loaded shared library D:\kma\jdk-24.0.2\bin\nio.dll
Event: 0.403 Loaded shared library D:\kma\jdk-24.0.2\bin\zip.dll
Event: 0.723 Loaded shared library D:\kma\jdk-24.0.2\bin\jimage.dll
Event: 0.867 Loaded shared library D:\kma\jdk-24.0.2\bin\verify.dll
Event: 1.029 Loaded shared library C:\Users\Admin\.gradle\native\c067742578af261105cb4f569cf0c3c89f3d7b1fecec35dd04571415982c5e48\windows-amd64\native-platform.dll
Event: 1.039 Loaded shared library C:\Users\Admin\.gradle\native\100fb08df4bc3b14c8652ba06237920a3bd2aa13389f12d3474272988ae205f9\windows-amd64\native-platform-file-events.dll
Event: 2.200 Loaded shared library D:\kma\jdk-24.0.2\bin\management.dll
Event: 2.202 Loaded shared library D:\kma\jdk-24.0.2\bin\management_ext.dll
Event: 2.469 Loaded shared library D:\kma\jdk-24.0.2\bin\extnet.dll
Event: 2.602 Loaded shared library D:\kma\jdk-24.0.2\bin\sunmscapi.dll

Deoptimization events (20 events):
Event: 2.845 Thread 0x0000025a9b8c6c40 DEOPT PACKING pc=0x0000025a4757f228 sp=0x00000093828fca50
Event: 2.845 Thread 0x0000025a9b8c6c40 DEOPT UNPACKING pc=0x0000025a47016702 sp=0x00000093828fc9b0 mode 2
Event: 2.853 Thread 0x0000025a9b8c6c40 Uncommon trap: trap_request=0xffffff4d fr.pc=0x0000025a47507ea4 relative=0x0000000000000264
Event: 2.853 Thread 0x0000025a9b8c6c40 Uncommon trap: reason=unstable_if action=reinterpret pc=0x0000025a47507ea4 method=java.util.concurrent.ConcurrentHashMap.get(Ljava/lang/Object;)Ljava/lang/Object; @ 76 c2
Event: 2.853 Thread 0x0000025a9b8c6c40 DEOPT PACKING pc=0x0000025a47507ea4 sp=0x00000093828fc0d0
Event: 2.853 Thread 0x0000025a9b8c6c40 DEOPT UNPACKING pc=0x0000025a47016702 sp=0x00000093828fc038 mode 2
Event: 3.098 Thread 0x0000025a9b8c6c40 Uncommon trap: trap_request=0xffffff4d fr.pc=0x0000025a4750bce8 relative=0x0000000000000148
Event: 3.098 Thread 0x0000025a9b8c6c40 Uncommon trap: reason=unstable_if action=reinterpret pc=0x0000025a4750bce8 method=java.util.regex.Matcher.reset()Ljava/util/regex/Matcher; @ 47 c2
Event: 3.098 Thread 0x0000025a9b8c6c40 DEOPT PACKING pc=0x0000025a4750bce8 sp=0x00000093828fb0d0
Event: 3.098 Thread 0x0000025a9b8c6c40 DEOPT UNPACKING pc=0x0000025a47016702 sp=0x00000093828fb058 mode 2
Event: 3.106 Thread 0x0000025a9b8c6c40 DEOPT PACKING pc=0x0000025a3faabbaf sp=0x00000093828fad60
Event: 3.106 Thread 0x0000025a9b8c6c40 DEOPT UNPACKING pc=0x0000025a46f55722 sp=0x00000093828fa1f8 mode 0
Event: 3.148 Thread 0x0000025a9b8c6c40 Uncommon trap: trap_request=0xffffff4d fr.pc=0x0000025a474b72f4 relative=0x0000000000000b14
Event: 3.148 Thread 0x0000025a9b8c6c40 Uncommon trap: reason=unstable_if action=reinterpret pc=0x0000025a474b72f4 method=java.io.WinNTFileSystem.resolve(Ljava/lang/String;Ljava/lang/String;)Ljava/lang/String; @ 42 c2
Event: 3.148 Thread 0x0000025a9b8c6c40 DEOPT PACKING pc=0x0000025a474b72f4 sp=0x00000093828fb7f0
Event: 3.148 Thread 0x0000025a9b8c6c40 DEOPT UNPACKING pc=0x0000025a47016702 sp=0x00000093828fb768 mode 2
Event: 3.149 Thread 0x0000025a9b8c6c40 Uncommon trap: trap_request=0xffffff4d fr.pc=0x0000025a47509574 relative=0x0000000000000534
Event: 3.149 Thread 0x0000025a9b8c6c40 Uncommon trap: reason=unstable_if action=reinterpret pc=0x0000025a47509574 method=java.io.File.getName()Ljava/lang/String; @ 16 c2
Event: 3.149 Thread 0x0000025a9b8c6c40 DEOPT PACKING pc=0x0000025a47509574 sp=0x00000093828fb7c0
Event: 3.149 Thread 0x0000025a9b8c6c40 DEOPT UNPACKING pc=0x0000025a47016702 sp=0x00000093828fb790 mode 2

Classes loaded (20 events):
Event: 3.183 Loading class java/util/stream/ReduceOps$1
Event: 3.183 Loading class java/util/stream/ReduceOps$1 done
Event: 3.183 Loading class java/util/stream/ReduceOps$1ReducingSink
Event: 3.184 Loading class java/util/stream/ReduceOps$1ReducingSink done
Event: 3.213 Loading class java/lang/invoke/InnerClassLambdaMetafactory$SerializationSupport
Event: 3.214 Loading class java/lang/invoke/InnerClassLambdaMetafactory$SerializationSupport done
Event: 3.214 Loading class java/lang/invoke/InnerClassLambdaMetafactory$4
Event: 3.214 Loading class java/lang/invoke/InnerClassLambdaMetafactory$4 done
Event: 3.214 Loading class sun/invoke/util/BytecodeDescriptor
Event: 3.215 Loading class sun/invoke/util/BytecodeDescriptor done
Event: 3.215 Loading class jdk/internal/classfile/impl/AbstractPoolEntry$IntegerEntryImpl
Event: 3.216 Loading class java/lang/classfile/constantpool/IntegerEntry
Event: 3.216 Loading class java/lang/classfile/constantpool/IntegerEntry done
Event: 3.216 Loading class jdk/internal/classfile/impl/AbstractPoolEntry$IntegerEntryImpl done
Event: 3.235 Loading class java/lang/management/MemoryType
Event: 3.235 Loading class java/lang/management/MemoryType done
Event: 3.235 Loading class java/lang/management/MemoryUsage
Event: 3.235 Loading class java/lang/management/MemoryUsage done
Event: 3.235 Loading class java/util/concurrent/LinkedBlockingDeque$Node
Event: 3.235 Loading class java/util/concurrent/LinkedBlockingDeque$Node done

Classes unloaded (0 events):
No events

Classes redefined (0 events):
No events

Internal exceptions (20 events):
Event: 2.563 Thread 0x0000025a371414a0 Exception <a 'java/io/IOException'{0x000000008931fa00}> (0x000000008931fa00) 
thrown [s\open\src\hotspot\share\prims\jni.cpp, line 518]
Event: 2.568 Thread 0x0000025a371414a0 Implicit null exception at 0x0000025a474e2df4 to 0x0000025a474e32e0
Event: 2.576 Thread 0x0000025a371414a0 Exception <a 'java/lang/NoSuchMethodError'{0x000000008938e1d0}: 'java.lang.Object java.lang.invoke.DirectMethodHandle$Holder.newInvokeSpecial(java.lang.Object, java.lang.Object, java.lang.Object, java.lang.Object, java.lang.Object)'> (0x000000008938e1d0) 
thrown [s\open\src\hotspot\share\interpreter\linkResolver.cpp, line 805]
Event: 2.757 Thread 0x0000025a9b8c6c40 Exception <a 'java/lang/NoSuchMethodError'{0x000000008889c090}: 'long java.lang.invoke.DirectMethodHandle$Holder.invokeInterface(java.lang.Object, java.lang.Object)'> (0x000000008889c090) 
thrown [s\open\src\hotspot\share\interpreter\linkResolver.cpp, line 805]
Event: 2.820 Thread 0x0000025a9b8c6c40 Exception <a 'java/lang/NoSuchMethodError'{0x00000000884e9710}: 'void java.lang.invoke.DirectMethodHandle$Holder.invokeStatic(java.lang.Object, java.lang.Object)'> (0x00000000884e9710) 
thrown [s\open\src\hotspot\share\interpreter\linkResolver.cpp, line 805]
Event: 2.825 Thread 0x0000025a9b8c6c40 Exception <a 'java/lang/NoSuchMethodError'{0x000000008833c888}: 'java.lang.Object java.lang.invoke.DirectMethodHandle$Holder.invokeVirtual(java.lang.Object, java.lang.Object, java.lang.Object, java.lang.Object, java.lang.Object, java.lang.Object, java.lang.Object, java.lang.Object, java.lang.Object, java.lang.Object, java.lang.Object, java.lang.Object)'> (0x000000008833c888) 
thrown [s\open\src\hotspot\share\interpreter\linkResolver.cpp, line 805]
Event: 2.856 Thread 0x0000025a9b8c6c40 Exception <a 'java/lang/NoSuchMethodError'{0x0000000088150b00}: 'int java.lang.invoke.DirectMethodHandle$Holder.invokeVirtual(java.lang.Object, java.lang.Object, java.lang.Object)'> (0x0000000088150b00) 
thrown [s\open\src\hotspot\share\interpreter\linkResolver.cpp, line 805]
Event: 2.889 Thread 0x0000025a9b8c6c40 Exception <a 'java/lang/NoSuchMethodError'{0x0000000087fbedb8}: 'java.lang.Object java.lang.invoke.DirectMethodHandle$Holder.newInvokeSpecial(java.lang.Object, java.lang.Object, java.lang.Object, java.lang.Object, java.lang.Object, java.lang.Object)'> (0x0000000087fbedb8) 
thrown [s\open\src\hotspot\share\interpreter\linkResolver.cpp, line 805]
Event: 2.947 Thread 0x0000025a9b8c6c40 Exception <a 'java/lang/NoSuchMethodError'{0x000000008dd25050}: 'void java.lang.invoke.DelegatingMethodHandle$Holder.reinvoke_L(java.lang.Object, java.lang.Object, java.lang.Object, java.lang.Object, java.lang.Object, java.lang.Object, java.lang.Object, java.lang.Object, java.lang.Object, java.lang.Object)'> (0x000000008dd25050) 
thrown [s\open\src\hotspot\share\interpreter\linkResolver.cpp, line 805]
Event: 2.948 Thread 0x0000025a9b8c6c40 Exception <a 'java/lang/NoSuchMethodError'{0x000000008dd35f40}: 'java.lang.Object java.lang.invoke.Invokers$Holder.invoker(java.lang.Object, java.lang.Object, java.lang.Object, java.lang.Object, java.lang.Object, java.lang.Object, java.lang.Object, java.lang.Object, java.lang.Object, java.lang.Object)'> (0x000000008dd35f40) 
thrown [s\open\src\hotspot\share\interpreter\linkResolver.cpp, line 805]
Event: 3.018 Thread 0x0000025a9b8c6c40 Exception <a 'java/lang/NoSuchMethodError'{0x000000008d9b7178}: 'void java.lang.invoke.DirectMethodHandle$Holder.invokeVirtual(java.lang.Object, java.lang.Object, java.lang.Object, java.lang.Object, java.lang.Object)'> (0x000000008d9b7178) 
thrown [s\open\src\hotspot\share\interpreter\linkResolver.cpp, line 805]
Event: 3.055 Thread 0x0000025a9b8c6c40 Exception <a 'java/lang/NoSuchMethodError'{0x000000008d757ec8}: 'void java.lang.invoke.DirectMethodHandle$Holder.invokeInterface(java.lang.Object, java.lang.Object)'> (0x000000008d757ec8) 
thrown [s\open\src\hotspot\share\interpreter\linkResolver.cpp, line 805]
Event: 3.055 Thread 0x0000025a9b8c6c40 Exception <a 'java/lang/IncompatibleClassChangeError'{0x000000008d7600a8}: Found class java.lang.Object, but interface was expected> (0x000000008d7600a8) 
thrown [s\open\src\hotspot\share\interpreter\linkResolver.cpp, line 872]
Event: 3.077 Thread 0x0000025a9b8c6c40 Exception <a 'java/lang/NoSuchMethodError'{0x000000008d68d350}: 'java.lang.Object java.lang.invoke.DirectMethodHandle$Holder.newInvokeSpecial(java.lang.Object, java.lang.Object, int)'> (0x000000008d68d350) 
thrown [s\open\src\hotspot\share\interpreter\linkResolver.cpp, line 805]
Event: 3.131 Thread 0x0000025a9b8c6c40 Exception <a 'java/lang/NoSuchMethodError'{0x000000008d290b10}: 'java.lang.Object java.lang.invoke.DirectMethodHandle$Holder.invokeVirtual(java.lang.Object, java.lang.Object, java.lang.Object, java.lang.Object, java.lang.Object, java.lang.Object, java.lang.Object, java.lang.Object)'> (0x000000008d290b10) 
thrown [s\open\src\hotspot\share\interpreter\linkResolver.cpp, line 805]
Event: 3.143 Thread 0x0000025a9b8c6c40 Exception <a 'java/lang/NoSuchMethodError'{0x000000008d1395b8}: 'java.lang.Object java.lang.invoke.Invokers$Holder.invoker(java.lang.Object, java.lang.Object)'> (0x000000008d1395b8) 
thrown [s\open\src\hotspot\share\interpreter\linkResolver.cpp, line 805]
Event: 3.181 Thread 0x0000025a9b8c6c40 Exception <a 'java/lang/NoSuchMethodError'{0x000000008cf8a040}: 'int java.lang.invoke.DirectMethodHandle$Holder.invokeSpecialIFC(java.lang.Object, java.lang.Object, java.lang.Object, java.lang.Object)'> (0x000000008cf8a040) 
thrown [s\open\src\hotspot\share\interpreter\linkResolver.cpp, line 805]
Event: 3.182 Thread 0x0000025a9b8c6c40 Exception <a 'java/lang/NoSuchMethodError'{0x000000008cfb0e68}: 'java.lang.Object java.lang.invoke.DirectMethodHandle$Holder.invokeInterface(java.lang.Object, java.lang.Object, java.lang.Object)'> (0x000000008cfb0e68) 
thrown [s\open\src\hotspot\share\interpreter\linkResolver.cpp, line 805]
Event: 3.183 Thread 0x0000025a9b8c6c40 Exception <a 'java/lang/IncompatibleClassChangeError'{0x000000008cfb96d0}: Found class java.lang.Object, but interface was expected> (0x000000008cfb96d0) 
thrown [s\open\src\hotspot\share\interpreter\linkResolver.cpp, line 872]
Event: 3.213 Thread 0x0000025a9b8c6c40 Exception <a 'java/lang/NoSuchMethodError'{0x000000008cdabd08}: 'int java.lang.invoke.DirectMethodHandle$Holder.invokeStatic(java.lang.Object, java.lang.Object, java.lang.Object, java.lang.Object)'> (0x000000008cdabd08) 
thrown [s\open\src\hotspot\share\interpreter\linkResolver.cpp, line 805]

VM Operations (20 events):
Event: 2.137 Executing VM operation: HandshakeAllThreads (Deoptimize)
Event: 2.137 Executing VM operation: HandshakeAllThreads (Deoptimize) done
Event: 2.137 Executing VM operation: HandshakeAllThreads (Deoptimize)
Event: 2.137 Executing VM operation: HandshakeAllThreads (Deoptimize) done
Event: 2.160 Executing VM operation: HandshakeAllThreads (Deoptimize)
Event: 2.160 Executing VM operation: HandshakeAllThreads (Deoptimize) done
Event: 2.231 Executing VM operation: HandshakeAllThreads (Deoptimize)
Event: 2.231 Executing VM operation: HandshakeAllThreads (Deoptimize) done
Event: 2.301 Executing VM operation: HandshakeAllThreads (Deoptimize)
Event: 2.301 Executing VM operation: HandshakeAllThreads (Deoptimize) done
Event: 2.336 Executing VM operation: HandshakeAllThreads (Deoptimize)
Event: 2.336 Executing VM operation: HandshakeAllThreads (Deoptimize) done
Event: 2.390 Executing VM operation: HandshakeAllThreads (Deoptimize)
Event: 2.390 Executing VM operation: HandshakeAllThreads (Deoptimize) done
Event: 2.588 Executing VM operation: HandshakeAllThreads (Deoptimize)
Event: 2.588 Executing VM operation: HandshakeAllThreads (Deoptimize) done
Event: 2.914 Executing VM operation: HandshakeAllThreads (Deoptimize)
Event: 2.914 Executing VM operation: HandshakeAllThreads (Deoptimize) done
Event: 2.938 Executing VM operation: G1CollectForAllocation (G1 Evacuation Pause)
Event: 2.945 Executing VM operation: G1CollectForAllocation (G1 Evacuation Pause) done

Memory protections (0 events):
No events

Nmethod flushes (0 events):
No events

Events (20 events):
Event: 0.377 Thread 0x0000025a371414a0 Thread added: 0x0000025a5475ec40
Event: 0.428 Thread 0x0000025a371414a0 Thread added: 0x0000025a54802b10
Event: 0.719 Thread 0x0000025a545206d0 Thread added: 0x0000025a54522510
Event: 0.721 Thread 0x0000025a5451c970 Thread added: 0x0000025a54520e60
Event: 1.589 Thread 0x0000025a54522510 Thread exited: 0x0000025a54522510
Event: 1.589 Thread 0x0000025a54520e60 Thread exited: 0x0000025a54520e60
Event: 1.877 Thread 0x0000025a545206d0 Thread added: 0x0000025a54520e60
Event: 2.234 Thread 0x0000025a371414a0 Thread added: 0x0000025a9b88c580
Event: 2.497 Thread 0x0000025a371414a0 Thread added: 0x0000025a9bc003e0
Event: 2.580 Thread 0x0000025a371414a0 Thread added: 0x0000025a9b9c6400
Event: 2.636 Thread 0x0000025a9bc003e0 Thread added: 0x0000025a9ba569e0
Event: 2.638 Thread 0x0000025a9ba569e0 Thread added: 0x0000025a9ba57530
Event: 2.671 Thread 0x0000025a9ba569e0 Thread added: 0x0000025a9b8c5da0
Event: 2.681 Thread 0x0000025a9ba569e0 Thread added: 0x0000025a9b8c6c40
Event: 2.701 Thread 0x0000025a9b8c6c40 Thread added: 0x0000025a9b8c4f00
Event: 2.717 Thread 0x0000025a9b8c6c40 Thread added: 0x0000025a9b8c64f0
Event: 2.719 Thread 0x0000025a9b8c6c40 Thread added: 0x0000025a9b8c7390
Event: 3.075 Thread 0x0000025a9b8c6c40 Thread added: 0x0000025a9b8c47b0
Event: 3.089 Thread 0x0000025a9b8c6c40 Thread added: 0x0000025a9b8c5650
Event: 3.114 Thread 0x0000025a9b8c6c40 Thread added: 0x0000025a9bd4eb10


Dynamic libraries:
0x00007ff746020000 - 0x00007ff74602e000 	D:\kma\jdk-24.0.2\bin\java.exe
0x00007ffd44b00000 - 0x00007ffd44d68000 	C:\WINDOWS\SYSTEM32\ntdll.dll
0x00007ffd42ee0000 - 0x00007ffd42fa9000 	C:\WINDOWS\System32\KERNEL32.DLL
0x00007ffd41df0000 - 0x00007ffd421e2000 	C:\WINDOWS\System32\KERNELBASE.dll
0x00007ffd3edd0000 - 0x00007ffd3ee6f000 	C:\WINDOWS\SYSTEM32\apphelp.dll
0x00007ffd42350000 - 0x00007ffd4249b000 	C:\WINDOWS\System32\ucrtbase.dll
0x00007ffd0a220000 - 0x00007ffd0a236000 	D:\kma\jdk-24.0.2\bin\jli.dll
0x00007ffd08f80000 - 0x00007ffd08f9b000 	D:\kma\jdk-24.0.2\bin\VCRUNTIME140.dll
0x00007ffd42a50000 - 0x00007ffd42c15000 	C:\WINDOWS\System32\USER32.dll
0x00007ffd41c90000 - 0x00007ffd41cb7000 	C:\WINDOWS\System32\win32u.dll
0x00007ffd43570000 - 0x00007ffd4359b000 	C:\WINDOWS\System32\GDI32.dll
0x00007ffd27040000 - 0x00007ffd272d3000 	C:\WINDOWS\WinSxS\amd64_microsoft.windows.common-controls_6595b64144ccf1df_6.0.26100.6725_none_3e085828e334708b\COMCTL32.dll
0x00007ffd41cc0000 - 0x00007ffd41ded000 	C:\WINDOWS\System32\gdi32full.dll
0x00007ffd43150000 - 0x00007ffd431f9000 	C:\WINDOWS\System32\msvcrt.dll
0x00007ffd42530000 - 0x00007ffd425d3000 	C:\WINDOWS\System32\msvcp_win.dll
0x00007ffd43110000 - 0x00007ffd4313f000 	C:\WINDOWS\System32\IMM32.DLL
0x00007ffd26dd0000 - 0x00007ffd26ddc000 	D:\kma\jdk-24.0.2\bin\vcruntime140_1.dll
0x00007ffcb2530000 - 0x00007ffcb25be000 	D:\kma\jdk-24.0.2\bin\msvcp140.dll
0x00007ffc9e3c0000 - 0x00007ffc9f161000 	D:\kma\jdk-24.0.2\bin\server\jvm.dll
0x00007ffd42dc0000 - 0x00007ffd42e74000 	C:\WINDOWS\System32\ADVAPI32.dll
0x00007ffd434c0000 - 0x00007ffd43566000 	C:\WINDOWS\System32\sechost.dll
0x00007ffd428d0000 - 0x00007ffd429e8000 	C:\WINDOWS\System32\RPCRT4.dll
0x00007ffd42c20000 - 0x00007ffd42c94000 	C:\WINDOWS\System32\WS2_32.dll
0x00007ffd41b10000 - 0x00007ffd41b6e000 	C:\WINDOWS\SYSTEM32\POWRPROF.dll
0x00007ffd38ee0000 - 0x00007ffd38f15000 	C:\WINDOWS\SYSTEM32\WINMM.dll
0x00007ffd38ed0000 - 0x00007ffd38edb000 	C:\WINDOWS\SYSTEM32\VERSION.dll
0x00007ffd41af0000 - 0x00007ffd41b04000 	C:\WINDOWS\SYSTEM32\UMPDC.dll
0x00007ffd40a60000 - 0x00007ffd40a7b000 	C:\WINDOWS\SYSTEM32\kernel.appcore.dll
0x00007ffd248e0000 - 0x00007ffd248ea000 	D:\kma\jdk-24.0.2\bin\jimage.dll
0x00007ffd369f0000 - 0x00007ffd36c32000 	C:\WINDOWS\SYSTEM32\DBGHELP.DLL
0x00007ffd44740000 - 0x00007ffd44abb000 	C:\WINDOWS\System32\combase.dll
0x00007ffd43200000 - 0x00007ffd432d7000 	C:\WINDOWS\System32\OLEAUT32.dll
0x00007ffd1d1d0000 - 0x00007ffd1d20c000 	C:\WINDOWS\SYSTEM32\dbgcore.DLL
0x00007ffd422b0000 - 0x00007ffd42348000 	C:\WINDOWS\System32\bcryptPrimitives.dll
0x00007ffd3a8d0000 - 0x00007ffd3a8df000 	D:\kma\jdk-24.0.2\bin\instrument.dll
0x00007ffd083c0000 - 0x00007ffd083de000 	D:\kma\jdk-24.0.2\bin\java.dll
0x00007ffd44010000 - 0x00007ffd441a8000 	C:\WINDOWS\System32\ole32.dll
0x00007ffd43670000 - 0x00007ffd43dbc000 	C:\WINDOWS\System32\SHELL32.dll
0x00007ffd42760000 - 0x00007ffd428cb000 	C:\WINDOWS\System32\wintypes.dll
0x00007ffd3f920000 - 0x00007ffd4017d000 	C:\WINDOWS\SYSTEM32\windows.storage.dll
0x00007ffd42cb0000 - 0x00007ffd42da2000 	C:\WINDOWS\System32\SHCORE.dll
0x00007ffd43dc0000 - 0x00007ffd43e22000 	C:\WINDOWS\System32\shlwapi.dll
0x00007ffd41bb0000 - 0x00007ffd41bd9000 	C:\WINDOWS\SYSTEM32\profapi.dll
0x00007ffcb1db0000 - 0x00007ffcb1e87000 	D:\kma\jdk-24.0.2\bin\jsvml.dll
0x00007ffd083a0000 - 0x00007ffd083b7000 	D:\kma\jdk-24.0.2\bin\zip.dll
0x00007ffd15bc0000 - 0x00007ffd15bd0000 	D:\kma\jdk-24.0.2\bin\net.dll
0x00007ffd40fd0000 - 0x00007ffd4103b000 	C:\WINDOWS\system32\mswsock.dll
0x00007ffd05dc0000 - 0x00007ffd05dd6000 	D:\kma\jdk-24.0.2\bin\nio.dll
0x00007ffd11cc0000 - 0x00007ffd11cd0000 	D:\kma\jdk-24.0.2\bin\verify.dll
0x00007ffccc260000 - 0x00007ffccc287000 	C:\Users\Admin\.gradle\native\c067742578af261105cb4f569cf0c3c89f3d7b1fecec35dd04571415982c5e48\windows-amd64\native-platform.dll
0x00007ffcab930000 - 0x00007ffcaba74000 	C:\Users\Admin\.gradle\native\100fb08df4bc3b14c8652ba06237920a3bd2aa13389f12d3474272988ae205f9\windows-amd64\native-platform-file-events.dll
0x00007ffd39c00000 - 0x00007ffd39c0a000 	D:\kma\jdk-24.0.2\bin\management.dll
0x00007ffd36c50000 - 0x00007ffd36c5b000 	D:\kma\jdk-24.0.2\bin\management_ext.dll
0x00007ffd42ca0000 - 0x00007ffd42ca8000 	C:\WINDOWS\System32\PSAPI.DLL
0x00007ffd41280000 - 0x00007ffd4129b000 	C:\WINDOWS\SYSTEM32\CRYPTSP.dll
0x00007ffd409c0000 - 0x00007ffd409fb000 	C:\WINDOWS\system32\rsaenh.dll
0x00007ffd41070000 - 0x00007ffd4109b000 	C:\WINDOWS\SYSTEM32\USERENV.dll
0x00007ffd41b80000 - 0x00007ffd41ba6000 	C:\WINDOWS\SYSTEM32\bcrypt.dll
0x00007ffd412a0000 - 0x00007ffd412ac000 	C:\WINDOWS\SYSTEM32\CRYPTBASE.dll
0x00007ffd404d0000 - 0x00007ffd40504000 	C:\WINDOWS\SYSTEM32\IPHLPAPI.DLL
0x00007ffd42db0000 - 0x00007ffd42dba000 	C:\WINDOWS\System32\NSI.dll
0x00007ffd35500000 - 0x00007ffd35509000 	D:\kma\jdk-24.0.2\bin\extnet.dll
0x00007ffd354f0000 - 0x00007ffd354fe000 	D:\kma\jdk-24.0.2\bin\sunmscapi.dll
0x00007ffd425e0000 - 0x00007ffd42757000 	C:\WINDOWS\System32\CRYPT32.dll
0x00007ffd414a0000 - 0x00007ffd414d0000 	C:\WINDOWS\SYSTEM32\ncrypt.dll
0x00007ffd41450000 - 0x00007ffd4148f000 	C:\WINDOWS\SYSTEM32\NTASN1.dll
0x00007ffd11c80000 - 0x00007ffd11c88000 	C:\WINDOWS\system32\wshunix.dll

JVMTI agents:
C:\Users\Admin\.gradle\wrapper\dists\gradle-8.11.1-bin\bpt9gzteqjrbo1mjrsomdt32c\gradle-8.11.1\lib\agents\gradle-instrumentation-agent-8.11.1.jar path:D:\kma\jdk-24.0.2\bin\instrument.dll, loaded, initialized, instrumentlib options:none

dbghelp: loaded successfully - version: 4.0.5 - missing functions: none
symbol engine: initialized successfully - sym options: 0x614 - pdb path: .;D:\kma\jdk-24.0.2\bin;C:\WINDOWS\SYSTEM32;C:\WINDOWS\WinSxS\amd64_microsoft.windows.common-controls_6595b64144ccf1df_6.0.26100.6725_none_3e085828e334708b;D:\kma\jdk-24.0.2\bin\server;C:\Users\Admin\.gradle\native\c067742578af261105cb4f569cf0c3c89f3d7b1fecec35dd04571415982c5e48\windows-amd64;C:\Users\Admin\.gradle\native\100fb08df4bc3b14c8652ba06237920a3bd2aa13389f12d3474272988ae205f9\windows-amd64

VM Arguments:
jvm_args: --add-opens=java.base/java.lang=ALL-UNNAMED --add-opens=java.base/java.lang.invoke=ALL-UNNAMED --add-opens=java.base/java.util=ALL-UNNAMED --add-opens=java.prefs/java.util.prefs=ALL-UNNAMED --add-exports=jdk.compiler/com.sun.tools.javac.api=ALL-UNNAMED --add-exports=jdk.compiler/com.sun.tools.javac.util=ALL-UNNAMED --add-opens=java.base/java.util=ALL-UNNAMED --add-opens=java.prefs/java.util.prefs=ALL-UNNAMED --add-opens=java.base/java.nio.charset=ALL-UNNAMED --add-opens=java.base/java.net=ALL-UNNAMED --add-opens=java.base/java.util.concurrent.atomic=ALL-UNNAMED --add-opens=java.xml/javax.xml.namespace=ALL-UNNAMED -Xmx2048m -Dfile.encoding=UTF-8 -Duser.country=US -Duser.language=en -Duser.variant -javaagent:C:\Users\Admin\.gradle\wrapper\dists\gradle-8.11.1-bin\bpt9gzteqjrbo1mjrsomdt32c\gradle-8.11.1\lib\agents\gradle-instrumentation-agent-8.11.1.jar 
java_command: org.gradle.launcher.daemon.bootstrap.GradleDaemon 8.11.1
java_class_path (initial): C:\Users\Admin\.gradle\wrapper\dists\gradle-8.11.1-bin\bpt9gzteqjrbo1mjrsomdt32c\gradle-8.11.1\lib\gradle-daemon-main-8.11.1.jar
Launcher Type: SUN_STANDARD

[Global flags]
     intx CICompilerCount                          = 4                                         {product} {ergonomic}
     uint ConcGCThreads                            = 3                                         {product} {ergonomic}
     uint G1ConcRefinementThreads                  = 10                                        {product} {ergonomic}
   size_t G1HeapRegionSize                         = 1048576                                   {product} {ergonomic}
   size_t InitialHeapSize                          = 232783872                                 {product} {ergonomic}
   size_t MarkStackSize                            = 4194304                                   {product} {ergonomic}
   size_t MarkStackSizeMax                         = 536870912                                 {product} {ergonomic}
   size_t MaxHeapSize                              = 2147483648                                {product} {command line}
   size_t MaxNewSize                               = 1287651328                                {product} {ergonomic}
   size_t MinHeapDeltaBytes                        = 1048576                                   {product} {ergonomic}
   size_t MinHeapSize                              = 8388608                                   {product} {ergonomic}
    uintx NonNMethodCodeHeapSize                   = 5832704                                {pd product} {ergonomic}
    uintx NonProfiledCodeHeapSize                  = 122945536                              {pd product} {ergonomic}
    uintx ProfiledCodeHeapSize                     = 122880000                              {pd product} {ergonomic}
    uintx ReservedCodeCacheSize                    = 251658240                              {pd product} {ergonomic}
     bool SegmentedCodeCache                       = true                                      {product} {ergonomic}
   size_t SoftMaxHeapSize                          = 2147483648                             {manageable} {ergonomic}
     bool UseCompressedOops                        = true                           {product lp64_product} {ergonomic}
     bool UseG1GC                                  = true                                      {product} {ergonomic}
     bool UseLargePagesIndividualAllocation        = false                                  {pd product} {ergonomic}

Logging:
Log output configuration:
 #0: stdout all=warning uptime,level,tags foldmultilines=false
 #1: stderr all=off uptime,level,tags foldmultilines=false

Environment Variables:
JAVA_HOME=D:\kma\jdk-24.0.2
PATH=C:\Python313\Scripts\;C:\Python313\;C:\Windows\system32;C:\Windows;C:\Windows\System32\Wbem;C:\Windows\System32\WindowsPowerShell\v1.0\;C:\Windows\System32\OpenSSH\;D:\kma\app\Git\cmd;C:\Program Files\nodejs\;C:\ProgramData\chocolatey\bin;C:\MinGW\bin;c:\Users\Admin\AppData\Local\Programs\cursor\resources\app\bin;C:\Users\Admin\AppData\Local\Microsoft\WindowsApps;C:\Users\Admin\AppData\Local\GitHubDesktop\bin;D:\kma\app\Microsoft VS Code\bin;C:\Users\Admin\AppData\Roaming\npm;C:\Users\Admin\AppData\Local\Programs\cursor\resources\app\bin;C:\Program Files\Microsoft Visual Studio\2022\Community\Common7\IDE\CommonExtensions\Microsoft\CMake\CMake\bin;C:\Users\Admin\.platformio\penv\Scripts;C:\Program Files\Git\cmd;D:\kma\jdk-24.0.2\bin;C:\Program Files\NVIDIA Corporation\NVIDIA App\NvDLISR;C:\WINDOWS\system32;C:\WINDOWS;C:\WINDOWS\System32\Wbem;C:\WINDOWS\System32\WindowsPowerShell\v1.0\;C:\WINDOWS\System32\OpenSSH\;C:\Program Files (x86)\Windows Kits\10\Windows Performance Toolkit\;D:\kma\app\laragon\bin\ngrok\;C:\Users\Admin\AppData\Local\Microsoft\WindowsApps;C:\Users\Admin\AppData\Local\GitHubDesktop\bin;E:\kma\app\Microsoft VS Code\bin;C:\Users\Admin\AppData\Roaming\npm;C:\Users\Admin\AppData\Local\Programs\cursor\resources\app\bin;D:\kma\android\Intellij\IntelliJ IDEA 2025.1.1.1\bin;;C:\Users\Admin\AppData\Roaming\Python\Python313\Scripts;
USERNAME=Admin
OS=Windows_NT
PROCESSOR_IDENTIFIER=AMD64 Family 25 Model 80 Stepping 0, AuthenticAMD
TMP=C:\Users\Admin\AppData\Local\Temp
TEMP=C:\Users\Admin\AppData\Local\Temp




Periodic native trim disabled

---------------  S Y S T E M  ---------------

OS:
 Windows 11 , 64 bit Build 26100 (10.0.26100.6725)
OS uptime: 5 days 10:10 hours

CPU: total 12 (initial active 12) (12 cores per cpu, 2 threads per core) family 25 model 80 stepping 0 microcode 0xa50000c, cx8, cmov, fxsr, ht, mmx, 3dnowpref, sse, sse2, sse3, ssse3, sse4a, sse4.1, sse4.2, popcnt, lzcnt, tsc, tscinvbit, avx, avx2, aes, erms, clmul, bmi1, bmi2, adx, sha, fma, vzeroupper, clflush, clflushopt, rdtscp, rdpid, fsrm, f16c, pku, cet_ss
Processor Information for the first 12 processors :
  Max Mhz: 3301, Current Mhz: 3301, Mhz Limit: 3301

Memory: 4k page, system-wide physical 14188M (116M free)
TotalPageFile size 47106M (AvailPageFile size 127M)
current process WorkingSet (physical memory assigned to process): 228M, peak: 228M
current process commit charge ("private bytes"): 384M, peak: 385M

vm_info: OpenJDK 64-Bit Server VM (24.0.2+12-54) for windows-amd64 JRE (24.0.2+12-54), built on 2025-07-08T12:10:27Z with MS VC++ 17.6 (VS2022)

END.
